<?xml version="1.0" encoding="UTF-8"?>
<testng-results ignored="0" total="2" passed="1" failed="1" skipped="0">
  <reporter-output>
  </reporter-output>
  <suite started-at="2025-01-06T01:21:51 BDT" name="Default suite" finished-at="2025-01-06T01:22:16 BDT" duration-ms="25113">
    <groups>
    </groups>
    <test started-at="2025-01-06T01:21:51 BDT" name="Default test" finished-at="2025-01-06T01:22:16 BDT" duration-ms="25113">
      <class name="OrangeHRM.TestClass">
        <test-method is-config="true" signature="ExtentSetUp()[pri:0, instance:OrangeHRM.TestClass@dd05255]" started-at="2025-01-06T01:21:51 BDT" name="ExtentSetUp" finished-at="2025-01-06T01:21:51 BDT" duration-ms="469" status="PASS">
          <reporter-output>
          </reporter-output>
        </test-method> <!-- ExtentSetUp -->
        <test-method is-config="true" signature="setUp()[pri:0, instance:OrangeHRM.TestClass@dd05255]" started-at="2025-01-06T01:21:51 BDT" name="setUp" finished-at="2025-01-06T01:21:57 BDT" duration-ms="6108" status="PASS">
          <reporter-output>
          </reporter-output>
        </test-method> <!-- setUp -->
        <test-method signature="LogInTest()[pri:1, instance:OrangeHRM.TestClass@dd05255]" started-at="2025-01-06T01:21:57 BDT" name="LogInTest" finished-at="2025-01-06T01:22:00 BDT" duration-ms="2204" status="PASS">
          <reporter-output>
          </reporter-output>
        </test-method> <!-- LogInTest -->
        <test-method is-config="true" signature="tearDown1()[pri:0, instance:OrangeHRM.TestClass@dd05255]" started-at="2025-01-06T01:22:00 BDT" name="tearDown1" finished-at="2025-01-06T01:22:00 BDT" duration-ms="500" status="PASS">
          <reporter-output>
          </reporter-output>
        </test-method> <!-- tearDown1 -->
        <test-method is-config="true" signature="setUp()[pri:0, instance:OrangeHRM.TestClass@dd05255]" started-at="2025-01-06T01:22:00 BDT" name="setUp" finished-at="2025-01-06T01:22:08 BDT" duration-ms="8202" status="PASS">
          <reporter-output>
          </reporter-output>
        </test-method> <!-- setUp -->
        <test-method signature="LeaveModule()[pri:2, instance:OrangeHRM.TestClass@dd05255]" started-at="2025-01-06T01:22:08 BDT" name="LeaveModule" finished-at="2025-01-06T01:22:16 BDT" duration-ms="7629" status="FAIL">
          <exception class="org.openqa.selenium.support.ui.UnexpectedTagNameException">
            <message>
              <![CDATA[Element should have been "select" but was "div"
Build info: version: '4.27.0', revision: 'd6e718d134'
System info: os.name: 'Windows 11', os.arch: 'amd64', os.version: '10.0', java.version: '21.0.1'
Driver info: driver.version: unknown]]>
            </message>
            <full-stacktrace>
              <![CDATA[org.openqa.selenium.support.ui.UnexpectedTagNameException: Element should have been "select" but was "div"
Build info: version: '4.27.0', revision: 'd6e718d134'
System info: os.name: 'Windows 11', os.arch: 'amd64', os.version: '10.0', java.version: '21.0.1'
Driver info: driver.version: unknown
at org.openqa.selenium.support.ui.Select.<init>(Select.java:44)
at OrangeHRM.PageObjectClass.SelectingLeaveType(PageObjectClass.java:53)
at OrangeHRM.TestClass.LeaveModule(TestClass.java:133)
at java.base/jdk.internal.reflect.DirectMethodHandleAccessor.invoke(DirectMethodHandleAccessor.java:103)
at java.base/java.lang.reflect.Method.invoke(Method.java:580)
at org.testng.internal.invokers.MethodInvocationHelper.invokeMethod(MethodInvocationHelper.java:139)
at org.testng.internal.invokers.TestInvoker.invokeMethod(TestInvoker.java:664)
at org.testng.internal.invokers.TestInvoker.invokeTestMethod(TestInvoker.java:228)
at org.testng.internal.invokers.MethodRunner.runInSequence(MethodRunner.java:63)
at org.testng.internal.invokers.TestInvoker$MethodInvocationAgent.invoke(TestInvoker.java:961)
at org.testng.internal.invokers.TestInvoker.invokeTestMethods(TestInvoker.java:201)
at org.testng.internal.invokers.TestMethodWorker.invokeTestMethods(TestMethodWorker.java:148)
at org.testng.internal.invokers.TestMethodWorker.run(TestMethodWorker.java:128)
at java.base/java.util.ArrayList.forEach(ArrayList.java:1596)
at org.testng.TestRunner.privateRun(TestRunner.java:819)
at org.testng.TestRunner.run(TestRunner.java:619)
at org.testng.SuiteRunner.runTest(SuiteRunner.java:443)
at org.testng.SuiteRunner.runSequentially(SuiteRunner.java:437)
at org.testng.SuiteRunner.privateRun(SuiteRunner.java:397)
at org.testng.SuiteRunner.run(SuiteRunner.java:336)
at org.testng.SuiteRunnerWorker.runSuite(SuiteRunnerWorker.java:52)
at org.testng.SuiteRunnerWorker.run(SuiteRunnerWorker.java:95)
at org.testng.TestNG.runSuitesSequentially(TestNG.java:1301)
at org.testng.TestNG.runSuitesLocally(TestNG.java:1228)
at org.testng.TestNG.runSuites(TestNG.java:1134)
at org.testng.TestNG.run(TestNG.java:1101)
at org.testng.remote.AbstractRemoteTestNG.run(AbstractRemoteTestNG.java:115)
at org.testng.remote.RemoteTestNG.initAndRun(RemoteTestNG.java:251)
at org.testng.remote.RemoteTestNG.main(RemoteTestNG.java:77)
]]>
            </full-stacktrace>
          </exception> <!-- org.openqa.selenium.support.ui.UnexpectedTagNameException -->
          <reporter-output>
          </reporter-output>
        </test-method> <!-- LeaveModule -->
        <test-method is-config="true" signature="tearDown1()[pri:0, instance:OrangeHRM.TestClass@dd05255]" started-at="2025-01-06T01:22:16 BDT" name="tearDown1" finished-at="2025-01-06T01:22:16 BDT" duration-ms="407" status="PASS">
          <reporter-output>
          </reporter-output>
        </test-method> <!-- tearDown1 -->
        <test-method is-config="true" signature="tearDwon()[pri:0, instance:OrangeHRM.TestClass@dd05255]" started-at="2025-01-06T01:22:16 BDT" name="tearDwon" finished-at="2025-01-06T01:22:17 BDT" duration-ms="651" status="PASS">
          <reporter-output>
          </reporter-output>
        </test-method> <!-- tearDwon -->
      </class> <!-- OrangeHRM.TestClass -->
    </test> <!-- Default test -->
  </suite> <!-- Default suite -->
</testng-results>
